<?xml version="1.0" encoding="UTF-8"?>
<!-- Generated by org.testng.reporters.JUnitReportReporter -->
<testsuite hostname="Asus-X52J" failures="0" tests="1" name="tests.login.LoginTests" time="2.314" errors="0" timestamp="2021-07-07T10:48:56 YEKT" skipped="0">
  <testcase classname="tests.login.LoginTests" name="testSuccessfulLogin" time="2.314"/>
  <system-out/>
</testsuite> <!-- tests.login.LoginTests -->
